# DDJ-LiveBridge — Raw Calibration Log | 2026-07-13 06:41:48
# Modo: PATCH
# Formato: [HH:mm:ss.fff] [ETAPA] Status(dec/hex) Data1(dec/hex) Data2

[06:41:54.539] [HotCueMode_Left_Shift] Status=144(0x90) Data1=63(0x3F) Data2=127
  >> Shift confirmado. Aguardando botão alvo.
[06:41:54.952] [HotCueMode_Left_Shift] Status=144(0x90) Data1=105(0x69) Data2=127
  >> CAPTURADO
[06:41:55.176] [HotCueMode_Left_Shift] Status=144(0x90) Data1=105(0x69) Data2=0
  >> CAPTURADO
[06:41:55.431] [HotCueMode_Left_Shift] Status=144(0x90) Data1=63(0x3F) Data2=0
  >> CONFIRMADO

[06:41:57.942] [BeatLoopMode_Left_Shift] Status=144(0x90) Data1=63(0x3F) Data2=127
  >> Shift confirmado. Aguardando botão alvo.
[06:41:58.229] [BeatLoopMode_Left_Shift] Status=144(0x90) Data1=30(0x1E) Data2=127
  >> CAPTURADO
[06:41:58.421] [BeatLoopMode_Left_Shift] Status=144(0x90) Data1=30(0x1E) Data2=0
  >> CAPTURADO
[06:41:58.835] [BeatLoopMode_Left_Shift] Status=144(0x90) Data1=63(0x3F) Data2=0
  >> CONFIRMADO

[06:42:01.363] [BeatJumpMode_Left_Shift] Status=144(0x90) Data1=63(0x3F) Data2=127
  >> Shift confirmado. Aguardando botão alvo.
[06:42:01.682] [BeatJumpMode_Left_Shift] Status=144(0x90) Data1=107(0x6B) Data2=127
  >> CAPTURADO
[06:42:01.840] [BeatJumpMode_Left_Shift] Status=144(0x90) Data1=107(0x6B) Data2=0
  >> CAPTURADO
[06:42:02.221] [BeatJumpMode_Left_Shift] Status=144(0x90) Data1=63(0x3F) Data2=0
  >> CONFIRMADO

[06:42:11.011] [SamplerMode_Left_Shift] Status=144(0x90) Data1=63(0x3F) Data2=127
  >> Shift confirmado. Aguardando botão alvo.
[06:42:11.394] [SamplerMode_Left_Shift] Status=144(0x90) Data1=111(0x6F) Data2=127
  >> CAPTURADO
[06:42:11.584] [SamplerMode_Left_Shift] Status=144(0x90) Data1=111(0x6F) Data2=0
  >> CAPTURADO
[06:42:11.998] [SamplerMode_Left_Shift] Status=144(0x90) Data1=63(0x3F) Data2=0
  >> CONFIRMADO

[06:42:24.357] [JogWheel_Top_Touch] Status=176(0xB0) Data1=33(0x21) Data2=65
  >> CAPTURADO
[06:42:29.628] [JogWheel_Top_Touch] Status=176(0xB0) Data1=33(0x21) Data2=65
  >> CAPTURADO
  >> CONFIRMADO

[06:42:41.440] [JogWheel_Top_Scratch] Status=144(0x90) Data1=54(0x36) Data2=127
  >> CAPTURADO
[06:42:41.472] [JogWheel_Top_Scratch] Status=176(0xB0) Data1=34(0x22) Data2=65
  >> CAPTURADO
[06:42:41.504] [JogWheel_Top_Scratch] Status=176(0xB0) Data1=34(0x22) Data2=63
  >> CAPTURADO
[06:42:41.536] [JogWheel_Top_Scratch] Status=176(0xB0) Data1=34(0x22) Data2=63
  >> CAPTURADO
[06:42:41.568] [JogWheel_Top_Scratch] Status=176(0xB0) Data1=34(0x22) Data2=63
  >> CAPTURADO
[06:42:41.600] [JogWheel_Top_Scratch] Status=176(0xB0) Data1=34(0x22) Data2=63
  >> CAPTURADO
[06:42:41.631] [JogWheel_Top_Scratch] Status=176(0xB0) Data1=34(0x22) Data2=63
  >> CAPTURADO
[06:42:41.662] [JogWheel_Top_Scratch] Status=176(0xB0) Data1=34(0x22) Data2=65
  >> CAPTURADO
[06:42:41.694] [JogWheel_Top_Scratch] Status=176(0xB0) Data1=34(0x22) Data2=65
  >> CAPTURADO
[06:42:41.726] [JogWheel_Top_Scratch] Status=176(0xB0) Data1=34(0x22) Data2=65
  >> CAPTURADO
[06:42:41.758] [JogWheel_Top_Scratch] Status=176(0xB0) Data1=34(0x22) Data2=65
  >> CAPTURADO
[06:42:41.790] [JogWheel_Top_Scratch] Status=176(0xB0) Data1=34(0x22) Data2=65
  >> CAPTURADO
[06:42:41.822] [JogWheel_Top_Scratch] Status=176(0xB0) Data1=34(0x22) Data2=65
  >> CAPTURADO
[06:42:41.854] [JogWheel_Top_Scratch] Status=176(0xB0) Data1=34(0x22) Data2=63
  >> CAPTURADO
[06:42:41.885] [JogWheel_Top_Scratch] Status=176(0xB0) Data1=34(0x22) Data2=63
  >> CAPTURADO
[06:42:41.917] [JogWheel_Top_Scratch] Status=176(0xB0) Data1=34(0x22) Data2=63
  >> CAPTURADO
[06:42:41.949] [JogWheel_Top_Scratch] Status=176(0xB0) Data1=34(0x22) Data2=63
  >> CAPTURADO
[06:42:41.980] [JogWheel_Top_Scratch] Status=176(0xB0) Data1=34(0x22) Data2=63
  >> CAPTURADO
[06:42:42.012] [JogWheel_Top_Scratch] Status=176(0xB0) Data1=34(0x22) Data2=63
  >> CAPTURADO
[06:42:42.044] [JogWheel_Top_Scratch] Status=176(0xB0) Data1=34(0x22) Data2=65
  >> CAPTURADO
[06:42:42.076] [JogWheel_Top_Scratch] Status=176(0xB0) Data1=34(0x22) Data2=65
  >> CAPTURADO
[06:42:42.108] [JogWheel_Top_Scratch] Status=176(0xB0) Data1=34(0x22) Data2=65
  >> CAPTURADO
[06:42:42.140] [JogWheel_Top_Scratch] Status=176(0xB0) Data1=34(0x22) Data2=65
  >> CAPTURADO
[06:42:42.172] [JogWheel_Top_Scratch] Status=176(0xB0) Data1=34(0x22) Data2=65
  >> CAPTURADO
[06:42:42.204] [JogWheel_Top_Scratch] Status=176(0xB0) Data1=34(0x22) Data2=65
  >> CAPTURADO
[06:42:42.236] [JogWheel_Top_Scratch] Status=176(0xB0) Data1=34(0x22) Data2=65
  >> CAPTURADO
[06:42:42.268] [JogWheel_Top_Scratch] Status=176(0xB0) Data1=34(0x22) Data2=65
  >> CAPTURADO
[06:42:42.300] [JogWheel_Top_Scratch] Status=144(0x90) Data1=54(0x36) Data2=0
  >> CAPTURADO
  >> CONFIRMADO

[06:42:50.684] [HotCueMode_Right_Shift] Status=145(0x91) Data1=63(0x3F) Data2=127
  >> Shift confirmado. Aguardando botão alvo.
[06:42:51.097] [HotCueMode_Right_Shift] Status=145(0x91) Data1=105(0x69) Data2=127
  >> CAPTURADO
[06:42:51.257] [HotCueMode_Right_Shift] Status=145(0x91) Data1=105(0x69) Data2=0
  >> CAPTURADO
[06:42:51.638] [HotCueMode_Right_Shift] Status=145(0x91) Data1=63(0x3F) Data2=0
  >> CONFIRMADO

[06:42:54.411] [BeatLoopMode_Right_Shift] Status=145(0x91) Data1=63(0x3F) Data2=127
  >> Shift confirmado. Aguardando botão alvo.
[06:42:54.697] [BeatLoopMode_Right_Shift] Status=145(0x91) Data1=30(0x1E) Data2=127
  >> CAPTURADO
[06:42:54.856] [BeatLoopMode_Right_Shift] Status=145(0x91) Data1=30(0x1E) Data2=0
  >> CAPTURADO
[06:42:55.238] [BeatLoopMode_Right_Shift] Status=145(0x91) Data1=63(0x3F) Data2=0
  >> CONFIRMADO

[06:42:57.814] [BeatJumpMode_Right_Shift] Status=145(0x91) Data1=63(0x3F) Data2=127
  >> Shift confirmado. Aguardando botão alvo.
[06:42:58.228] [BeatJumpMode_Right_Shift] Status=145(0x91) Data1=107(0x6B) Data2=127
  >> CAPTURADO
[06:42:58.419] [BeatJumpMode_Right_Shift] Status=145(0x91) Data1=107(0x6B) Data2=0
  >> CAPTURADO
[06:42:58.737] [BeatJumpMode_Right_Shift] Status=145(0x91) Data1=63(0x3F) Data2=0
  >> CONFIRMADO

[06:43:01.538] [SamplerMode_Right_Shift] Status=145(0x91) Data1=63(0x3F) Data2=127
  >> Shift confirmado. Aguardando botão alvo.
[06:43:01.823] [SamplerMode_Right_Shift] Status=145(0x91) Data1=111(0x6F) Data2=127
  >> CAPTURADO
[06:43:01.983] [SamplerMode_Right_Shift] Status=145(0x91) Data1=111(0x6F) Data2=0
  >> CAPTURADO
[06:43:02.333] [SamplerMode_Right_Shift] Status=145(0x91) Data1=63(0x3F) Data2=0
  >> CONFIRMADO

[06:43:10.285] [JogWheel_Top_Touch_Right] Status=177(0xB1) Data1=33(0x21) Data2=65
  >> CAPTURADO
[06:43:10.317] [JogWheel_Top_Touch_Right] Status=177(0xB1) Data1=34(0x22) Data2=63
  >> CAPTURADO
[06:43:10.349] [JogWheel_Top_Touch_Right] Status=145(0x91) Data1=54(0x36) Data2=0
  >> CAPTURADO
[06:43:15.282] [JogWheel_Top_Touch_Right] Status=145(0x91) Data1=54(0x36) Data2=127
  >> CAPTURADO
[06:43:15.314] [JogWheel_Top_Touch_Right] Status=145(0x91) Data1=54(0x36) Data2=0
  >> CAPTURADO
  >> REINICIADO
[06:43:22.027] [JogWheel_Top_Touch_Right] Status=145(0x91) Data1=54(0x36) Data2=127
  >> CAPTURADO
[06:43:22.154] [JogWheel_Top_Touch_Right] Status=145(0x91) Data1=54(0x36) Data2=0
  >> CAPTURADO
[06:43:23.713] [JogWheel_Top_Touch_Right] Status=145(0x91) Data1=54(0x36) Data2=127
  >> CAPTURADO
[06:43:23.872] [JogWheel_Top_Touch_Right] Status=145(0x91) Data1=54(0x36) Data2=0
  >> CAPTURADO
[06:43:27.246] [JogWheel_Top_Touch_Right] Status=145(0x91) Data1=54(0x36) Data2=127
  >> CAPTURADO
[06:43:27.310] [JogWheel_Top_Touch_Right] Status=177(0xB1) Data1=34(0x22) Data2=65
  >> CAPTURADO
[06:43:27.437] [JogWheel_Top_Touch_Right] Status=177(0xB1) Data1=34(0x22) Data2=65
  >> CAPTURADO
[06:43:27.469] [JogWheel_Top_Touch_Right] Status=145(0x91) Data1=54(0x36) Data2=0
  >> CAPTURADO
  >> REINICIADO
[06:43:32.467] [JogWheel_Top_Touch_Right] Status=145(0x91) Data1=54(0x36) Data2=127
  >> CAPTURADO
[06:43:32.499] [JogWheel_Top_Touch_Right] Status=145(0x91) Data1=54(0x36) Data2=0
  >> CAPTURADO
  >> CONFIRMADO

[06:43:45.740] [JogWheel_Top_Scratch_Right] Status=177(0xB1) Data1=34(0x22) Data2=65
  >> CAPTURADO
[06:43:45.772] [JogWheel_Top_Scratch_Right] Status=177(0xB1) Data1=34(0x22) Data2=63
  >> CAPTURADO
[06:43:45.804] [JogWheel_Top_Scratch_Right] Status=177(0xB1) Data1=34(0x22) Data2=63
  >> CAPTURADO
[06:43:45.836] [JogWheel_Top_Scratch_Right] Status=177(0xB1) Data1=33(0x21) Data2=63
  >> CAPTURADO
[06:43:45.868] [JogWheel_Top_Scratch_Right] Status=177(0xB1) Data1=33(0x21) Data2=63
  >> CAPTURADO
[06:43:45.900] [JogWheel_Top_Scratch_Right] Status=177(0xB1) Data1=34(0x22) Data2=63
  >> CAPTURADO
[06:43:45.932] [JogWheel_Top_Scratch_Right] Status=177(0xB1) Data1=34(0x22) Data2=65
  >> CAPTURADO
[06:43:45.963] [JogWheel_Top_Scratch_Right] Status=177(0xB1) Data1=34(0x22) Data2=65
  >> CAPTURADO
[06:43:45.995] [JogWheel_Top_Scratch_Right] Status=177(0xB1) Data1=34(0x22) Data2=65
  >> CAPTURADO
[06:43:46.027] [JogWheel_Top_Scratch_Right] Status=177(0xB1) Data1=34(0x22) Data2=65
  >> CAPTURADO
[06:43:46.059] [JogWheel_Top_Scratch_Right] Status=177(0xB1) Data1=34(0x22) Data2=65
  >> CAPTURADO
[06:43:46.091] [JogWheel_Top_Scratch_Right] Status=177(0xB1) Data1=34(0x22) Data2=65
  >> CAPTURADO
[06:43:46.123] [JogWheel_Top_Scratch_Right] Status=177(0xB1) Data1=34(0x22) Data2=65
  >> CAPTURADO
[06:43:46.155] [JogWheel_Top_Scratch_Right] Status=177(0xB1) Data1=34(0x22) Data2=65
  >> CAPTURADO
[06:43:46.187] [JogWheel_Top_Scratch_Right] Status=177(0xB1) Data1=34(0x22) Data2=65
  >> CAPTURADO
[06:43:46.219] [JogWheel_Top_Scratch_Right] Status=177(0xB1) Data1=34(0x22) Data2=63
  >> CAPTURADO
[06:43:46.251] [JogWheel_Top_Scratch_Right] Status=177(0xB1) Data1=33(0x21) Data2=63
  >> CAPTURADO
[06:43:46.283] [JogWheel_Top_Scratch_Right] Status=177(0xB1) Data1=33(0x21) Data2=63
  >> CAPTURADO
  >> CONFIRMADO

